<?xml version="1.0" encoding="UTF-8"?>
<!-- Generated by org.testng.reporters.JUnitReportReporter -->
<testsuite hostname="DESKTOP-FOTJODL" failures="0" tests="1" name="resValidation_4.ParsingJsonResData" time="2.275" errors="0" timestamp="2025-04-08T13:39:26 PDT" skipped="0">
  <testcase classname="resValidation_4.ParsingJsonResData" name="jsonResParse" time="2.275"/>
</testsuite> <!-- resValidation_4.ParsingJsonResData -->
