<?xml version="1.0" encoding="UTF-8"?>
<!-- Generated by org.testng.reporters.JUnitReportReporter -->
<testsuite hostname="DESKTOP-FOTJODL" failures="0" tests="1" name="authentication_7.BasichAuth" time="4.306" errors="0" timestamp="2025-04-11T13:59:21 IST" skipped="0">
  <testcase classname="authentication_7.BasichAuth" name="digestAuth" time="4.306"/>
</testsuite> <!-- authentication_7.BasichAuth -->
