<?xml version="1.0" encoding="UTF-8"?>
<!-- Generated by org.testng.reporters.JUnitReportReporter -->
<testsuite hostname="DESKTOP-COJR3AP" failures="0" tests="3" name="day1.HttpsMethos" time="6.054" errors="0" timestamp="2025-04-06T14:59:44 IST" skipped="0">
  <testcase classname="day1.HttpsMethos" name="getUser" time="3.918"/>
  <testcase classname="day1.HttpsMethos" name="createUser" time="1.354"/>
  <testcase classname="day1.HttpsMethos" name="updateUser" time="0.782"/>
</testsuite> <!-- day1.HttpsMethos -->
