<?xml version="1.0" encoding="UTF-8"?>
<!-- Generated by org.testng.reporters.JUnitReportReporter -->
<testsuite hostname="DESKTOP-COJR3AP" failures="0" tests="3" name="reqBody_2.createReqJsonFile" time="3.676" errors="0" timestamp="2025-04-07T16:46:42 IST" skipped="0">
  <testcase classname="reqBody_2.createReqJsonFile" name="getUser" time="2.443"/>
  <testcase classname="reqBody_2.createReqJsonFile" name="createUser" time="1.183"/>
  <testcase classname="reqBody_2.createReqJsonFile" name="deleteUser" time="0.050"/>
</testsuite> <!-- reqBody_2.createReqJsonFile -->
