<?xml version="1.0" encoding="UTF-8"?>
<!-- Generated by org.testng.reporters.JUnitReportReporter -->
<testsuite hostname="DESKTOP-FOTJODL" failures="0" tests="3" name="basicHttps_1.HttpsMethos" time="6.365" errors="0" timestamp="2025-04-07T22:59:02 PDT" skipped="0">
  <testcase classname="basicHttps_1.HttpsMethos" name="getUser" time="4.604"/>
  <testcase classname="basicHttps_1.HttpsMethos" name="createUser" time="1.062"/>
  <testcase classname="basicHttps_1.HttpsMethos" name="updateUser" time="0.699"/>
</testsuite> <!-- basicHttps_1.HttpsMethos -->
