<?xml version="1.0" encoding="UTF-8"?>
<!-- Generated by org.testng.reporters.JUnitReportReporter -->
<testsuite hostname="DESKTOP-FOTJODL" failures="0" tests="1" name="jsonSchemaValidator_6.jsonSchemaValidate" time="4.015" errors="0" timestamp="2025-04-10T21:39:00 PDT" skipped="0">
  <testcase classname="jsonSchemaValidator_6.jsonSchemaValidate" name="testJsonSchema" time="4.015"/>
</testsuite> <!-- jsonSchemaValidator_6.jsonSchemaValidate -->
