<?xml version="1.0" encoding="UTF-8"?>
<!-- Generated by org.testng.reporters.JUnitReportReporter -->
<testsuite hostname="DESKTOP-COJR3AP" failures="0" tests="3" name="day2.createReqBodies" time="3.513" errors="0" timestamp="2025-04-07T10:46:42 IST" skipped="0">
  <testcase classname="day2.createReqBodies" name="getReq" time="2.227"/>
  <testcase classname="day2.createReqBodies" name="createUser" time="1.255"/>
  <testcase classname="day2.createReqBodies" name="deleteUser" time="0.031"/>
</testsuite> <!-- day2.createReqBodies -->
