<?xml version="1.0" encoding="UTF-8"?>
<!-- Generated by org.testng.reporters.JUnitReportReporter -->
<testsuite hostname="DESKTOP-FOTJODL" failures="0" tests="1" name="resValidation_4.JsonRespoanseVal" time="3.251" errors="0" timestamp="2025-04-08T11:20:16 PDT" skipped="0">
  <testcase classname="resValidation_4.JsonRespoanseVal" name="jsonResVal" time="3.251"/>
</testsuite> <!-- resValidation_4.JsonRespoanseVal -->
