<?xml version="1.0" encoding="UTF-8"?>
<!-- Generated by org.testng.reporters.JUnitReportReporter -->
<testsuite hostname="DESKTOP-FOTJODL" failures="0" tests="1" name="basicHttps_1.HttpsMethos" time="4.232" errors="0" timestamp="2025-04-11T12:07:33 IST" skipped="0">
  <testcase classname="basicHttps_1.HttpsMethos" name="getUser" time="4.232"/>
</testsuite> <!-- basicHttps_1.HttpsMethos -->
