<?xml version="1.0" encoding="UTF-8"?>
<!-- Generated by org.testng.reporters.JUnitReportReporter -->
<testsuite hostname="DESKTOP-COJR3AP" failures="0" tests="1" name="day1.HttpsMethos" time="3.822" errors="0" timestamp="2025-04-06T12:26:21 IST" skipped="0">
  <testcase classname="day1.HttpsMethos" name="user" time="3.822"/>
</testsuite> <!-- day1.HttpsMethos -->
