<?xml version="1.0" encoding="UTF-8"?>
<!-- Generated by org.testng.reporters.JUnitReportReporter -->
<testsuite hostname="DESKTOP-FOTJODL" failures="0" tests="1" name="basicHttps_1.HttpsMethos" time="3.788" errors="0" timestamp="2025-04-08T09:55:40 PDT" skipped="0">
  <testcase classname="basicHttps_1.HttpsMethos" name="getUser" time="3.788"/>
</testsuite> <!-- basicHttps_1.HttpsMethos -->
