<?xml version="1.0" encoding="UTF-8"?>
<!-- Generated by org.testng.reporters.JUnitReportReporter -->
<testsuite hostname="DESKTOP-FOTJODL" failures="0" tests="1" name="resValidation_4.JsonRespoanseVal" time="3.327" errors="0" timestamp="2025-04-10T21:37:43 PDT" skipped="0">
  <testcase classname="resValidation_4.JsonRespoanseVal" name="jsonResVal" time="3.327"/>
</testsuite> <!-- resValidation_4.JsonRespoanseVal -->
